0 info it worked if it ends with ok
1 verbose cli [ 'C:\\Program Files\\nodejs\\node.exe',
1 verbose cli   'C:\\Users\\valikonen\\AppData\\Roaming\\npm\\node_modules\\npm\\bin\\npm-cli.js',
1 verbose cli   'run',
1 verbose cli   'start' ]
2 info using npm@3.10.5
3 info using node@v8.1.0
4 verbose run-script [ 'prestart', 'start', 'poststart' ]
5 info lifecycle dang-thats-delicious@0.0.0~prestart: dang-thats-delicious@0.0.0
6 silly lifecycle dang-thats-delicious@0.0.0~prestart: no script for prestart, continuing
7 info lifecycle dang-thats-delicious@0.0.0~start: dang-thats-delicious@0.0.0
8 verbose lifecycle dang-thats-delicious@0.0.0~start: unsafe-perm in lifecycle true
9 verbose lifecycle dang-thats-delicious@0.0.0~start: PATH: C:\Users\valikonen\AppData\Roaming\npm\node_modules\npm\bin\node-gyp-bin;E:\Learn\NodeJS\WesBos\node_modules\.bin;C:\Program Files\nodejs;C:\ProgramData\Oracle\Java\javapath;C:\WINDOWS\system32;C:\WINDOWS;C:\WINDOWS\System32\Wbem;C:\WINDOWS\System32\WindowsPowerShell\v1.0\;C:\ProgramData\ComposerSetup\bin;C:\Program Files\cURL\bin;C:\Program Files (x86)\Skype\Phone\;C:\Program Files\nodejs\;C:\Users\valikonen\AppData\Local\Programs\Python\Python35-32\Scripts\;C:\Users\valikonen\AppData\Local\Programs\Python\Python35-32\;C:\Ruby22\bin;C:\Program Files (x86)\Microsoft VS Code\bin;C:\Users\valikonen\AppData\Local\.meteor;C:\xampp\php;C:\ProgramData\chocolatey\bin;C:\Users\valikonen\AppData\Local\.meteor\;C:\Users\valikonen\AppData\Local\Microsoft\WindowsApps;C:\Users\valikonen\AppData\Roaming\Composer\vendor\bin;C:\Program Files\MongoDB\Server\3.2\bin;C:\Program Files\cURL\bin;C:\Users\valikonen\AppData\Roaming\npm;
10 verbose lifecycle dang-thats-delicious@0.0.0~start: CWD: E:\Learn\NodeJS\WesBos
11 silly lifecycle dang-thats-delicious@0.0.0~start: Args: [ '/d /s /c',
11 silly lifecycle   'concurrently "npm run watch" "npm run assets" --names "💻,📦" --prefix name' ]
12 verbose stack Error: kill ENOSYS
12 verbose stack     at exports._errnoException (util.js:1014:11)
12 verbose stack     at process.kill (internal/process.js:181:13)
12 verbose stack     at process.listener (C:\Users\valikonen\AppData\Roaming\npm\node_modules\npm\node_modules\npmlog\node_modules\gauge\node_modules\signal-exit\index.js:86:15)
12 verbose stack     at emitNone (events.js:105:13)
12 verbose stack     at process.emit (events.js:207:7)
12 verbose stack     at processEmit (C:\Users\valikonen\AppData\Roaming\npm\node_modules\npm\node_modules\npmlog\node_modules\gauge\node_modules\signal-exit\index.js:146:32)
12 verbose stack     at Signal.wrap.onsignal (internal/process.js:207:44)
13 verbose cwd E:\Learn\NodeJS\WesBos
14 error Windows_NT 10.0.15063
15 error argv "C:\\Program Files\\nodejs\\node.exe" "C:\\Users\\valikonen\\AppData\\Roaming\\npm\\node_modules\\npm\\bin\\npm-cli.js" "run" "start"
16 error node v8.1.0
17 error npm  v3.10.5
18 error code ENOSYS
19 error errno ENOSYS
20 error syscall kill
21 error kill ENOSYS
22 error If you need help, you may report this error at:
22 error     <https://github.com/npm/npm/issues>
23 verbose exit [ 1, true ]
